{"meta": {"format": 3, "version": "7.11.3", "timestamp": "2025-11-16T02:05:30.890561", "branch_coverage": false, "show_contexts": false}, "files": {"src/mover_status/__init__.py": {"executed_lines": [1], "summary": {"covered_lines": 1, "num_statements": 2, "percent_covered": 50.0, "percent_covered_display": "50", "missing_lines": 1, "excluded_lines": 0}, "missing_lines": [2], "excluded_lines": [], "functions": {"main": {"executed_lines": [], "summary": {"covered_lines": 0, "num_statements": 1, "percent_covered": 0.0, "percent_covered_display": "0", "missing_lines": 1, "excluded_lines": 0}, "missing_lines": [2], "excluded_lines": []}, "": {"executed_lines": [1], "summary": {"covered_lines": 1, "num_statements": 1, "percent_covered": 100.0, "percent_covered_display": "100", "missing_lines": 0, "excluded_lines": 0}, "missing_lines": [], "excluded_lines": []}}, "classes": {"": {"executed_lines": [1], "summary": {"covered_lines": 1, "num_statements": 2, "percent_covered": 50.0, "percent_covered_display": "50", "missing_lines": 1, "excluded_lines": 0}, "missing_lines": [2], "excluded_lines": []}}}, "src/mover_status/core/__init__.py": {"executed_lines": [0], "summary": {"covered_lines": 0, "num_statements": 0, "percent_covered": 100.0, "percent_covered_display": "100", "missing_lines": 0, "excluded_lines": 0}, "missing_lines": [], "excluded_lines": [], "functions": {"": {"executed_lines": [], "summary": {"covered_lines": 0, "num_statements": 0, "percent_covered": 100.0, "percent_covered_display": "100", "missing_lines": 0, "excluded_lines": 0}, "missing_lines": [], "excluded_lines": []}}, "classes": {"": {"executed_lines": [], "summary": {"covered_lines": 0, "num_statements": 0, "percent_covered": 100.0, "percent_covered_display": "100", "missing_lines": 0, "excluded_lines": 0}, "missing_lines": [], "excluded_lines": []}}}, "src/mover_status/core/calculation.py": {"executed_lines": [], "summary": {"covered_lines": 0, "num_statements": 93, "percent_covered": 0.0, "percent_covered_display": "0", "missing_lines": 93, "excluded_lines": 0}, "missing_lines": [14, 15, 17, 20, 49, 50, 51, 52, 53, 54, 57, 58, 61, 62, 65, 66, 69, 91, 92, 93, 94, 95, 96, 99, 100, 102, 105, 137, 138, 139, 142, 143, 146, 149, 151, 152, 153, 156, 159, 160, 163, 166, 167, 170, 171, 174, 175, 178, 181, 209, 210, 211, 212, 213, 214, 217, 218, 221, 222, 225, 229, 230, 231, 233, 235, 236, 238, 241, 277, 278, 279, 280, 281, 283, 293, 349, 350, 351, 354, 355, 356, 357, 360, 361, 362, 363, 366, 367, 370, 374, 381, 382, 386], "excluded_lines": [], "functions": {"calculate_progress": {"executed_lines": [], "summary": {"covered_lines": 0, "num_statements": 12, "percent_covered": 0.0, "percent_covered_display": "0", "missing_lines": 12, "excluded_lines": 0}, "missing_lines": [49, 50, 51, 52, 53, 54, 57, 58, 61, 62, 65, 66], "excluded_lines": []}, "calculate_remaining": {"executed_lines": [], "summary": {"covered_lines": 0, "num_statements": 9, "percent_covered": 0.0, "percent_covered_display": "0", "missing_lines": 9, "excluded_lines": 0}, "missing_lines": [91, 92, 93, 94, 95, 96, 99, 100, 102], "excluded_lines": []}, "calculate_rate": {"executed_lines": [], "summary": {"covered_lines": 0, "num_statements": 21, "percent_covered": 0.0, "percent_covered_display": "0", "missing_lines": 21, "excluded_lines": 0}, "missing_lines": [137, 138, 139, 142, 143, 146, 149, 151, 152, 153, 156, 159, 160, 163, 166, 167, 170, 171, 174, 175, 178], "excluded_lines": []}, "calculate_etc": {"executed_lines": [], "summary": {"covered_lines": 0, "num_statements": 18, "percent_covered": 0.0, "percent_covered_display": "0", "missing_lines": 18, "excluded_lines": 0}, "missing_lines": [209, 210, 211, 212, 213, 214, 217, 218, 221, 222, 225, 229, 230, 231, 233, 235, 236, 238], "excluded_lines": []}, "calculate_progress_data": {"executed_lines": [], "summary": {"covered_lines": 0, "num_statements": 6, "percent_covered": 0.0, "percent_covered_display": "0", "missing_lines": 6, "excluded_lines": 0}, "missing_lines": [277, 278, 279, 280, 281, 283], "excluded_lines": []}, "evaluate_threshold_crossed": {"executed_lines": [], "summary": {"covered_lines": 0, "num_statements": 18, "percent_covered": 0.0, "percent_covered_display": "0", "missing_lines": 18, "excluded_lines": 0}, "missing_lines": [349, 350, 351, 354, 355, 356, 357, 360, 361, 362, 363, 366, 367, 370, 374, 381, 382, 386], "excluded_lines": []}, "": {"executed_lines": [], "summary": {"covered_lines": 0, "num_statements": 9, "percent_covered": 0.0, "percent_covered_display": "0", "missing_lines": 9, "excluded_lines": 0}, "missing_lines": [14, 15, 17, 20, 69, 105, 181, 241, 293], "excluded_lines": []}}, "classes": {"": {"executed_lines": [], "summary": {"covered_lines": 0, "num_statements": 93, "percent_covered": 0.0, "percent_covered_display": "0", "missing_lines": 93, "excluded_lines": 0}, "missing_lines": [14, 15, 17, 20, 49, 50, 51, 52, 53, 54, 57, 58, 61, 62, 65, 66, 69, 91, 92, 93, 94, 95, 96, 99, 100, 102, 105, 137, 138, 139, 142, 143, 146, 149, 151, 152, 153, 156, 159, 160, 163, 166, 167, 170, 171, 174, 175, 178, 181, 209, 210, 211, 212, 213, 214, 217, 218, 221, 222, 225, 229, 230, 231, 233, 235, 236, 238, 241, 277, 278, 279, 280, 281, 283, 293, 349, 350, 351, 354, 355, 356, 357, 360, 361, 362, 363, 366, 367, 370, 374, 381, 382, 386], "excluded_lines": []}}}, "src/mover_status/core/config.py": {"executed_lines": [], "summary": {"covered_lines": 0, "num_statements": 165, "percent_covered": 0.0, "percent_covered_display": "0", "missing_lines": 165, "excluded_lines": 0}, "missing_lines": [8, 9, 10, 11, 12, 14, 15, 19, 22, 33, 41, 48, 55, 62, 63, 64, 76, 77, 78, 79, 81, 82, 83, 95, 96, 97, 98, 99, 102, 109, 115, 121, 129, 130, 131, 143, 144, 145, 146, 147, 150, 161, 168, 174, 181, 182, 191, 192, 193, 194, 197, 210, 217, 224, 230, 236, 244, 275, 282, 290, 308, 317, 341, 353, 354, 356, 357, 361, 363, 366, 369, 395, 397, 398, 400, 401, 404, 405, 407, 408, 409, 410, 411, 413, 416, 417, 420, 422, 425, 433, 456, 457, 462, 465, 466, 467, 468, 469, 474, 475, 476, 481, 484, 485, 490, 493, 494, 495, 496, 501, 504, 505, 506, 508, 509, 510, 511, 512, 513, 514, 515, 516, 518, 519, 521, 522, 524, 527, 562, 563, 568, 571, 572, 573, 574, 575, 580, 581, 582, 587, 590, 591, 596, 599, 600, 601, 602, 607, 610, 611, 612, 614, 615, 616, 617, 618, 619, 620, 621, 622, 624, 625, 627, 628, 630], "excluded_lines": [], "functions": {"MonitoringConfig.validate_pid_file_parent_exists": {"executed_lines": [], "summary": {"covered_lines": 0, "num_statements": 4, "percent_covered": 0.0, "percent_covered_display": "0", "missing_lines": 4, "excluded_lines": 0}, "missing_lines": [76, 77, 78, 79], "excluded_lines": []}, "MonitoringConfig.validate_exclusion_paths_exist": {"executed_lines": [], "summary": {"covered_lines": 0, "num_statements": 5, "percent_covered": 0.0, "percent_covered_display": "0", "missing_lines": 5, "excluded_lines": 0}, "missing_lines": [95, 96, 97, 98, 99], "excluded_lines": []}, "NotificationsConfig.validate_threshold_percentages": {"executed_lines": [], "summary": {"covered_lines": 0, "num_statements": 5, "percent_covered": 0.0, "percent_covered_display": "0", "missing_lines": 5, "excluded_lines": 0}, "missing_lines": [143, 144, 145, 146, 147], "excluded_lines": []}, "ProvidersConfig.validate_at_least_one_provider": {"executed_lines": [], "summary": {"covered_lines": 0, "num_statements": 4, "percent_covered": 0.0, "percent_covered_display": "0", "missing_lines": 4, "excluded_lines": 0}, "missing_lines": [191, 192, 193, 194], "excluded_lines": []}, "MainConfig.to_runtime_config": {"executed_lines": [], "summary": {"covered_lines": 0, "num_statements": 1, "percent_covered": 0.0, "percent_covered_display": "0", "missing_lines": 1, "excluded_lines": 0}, "missing_lines": [290], "excluded_lines": []}, "resolve_env_var": {"executed_lines": [], "summary": {"covered_lines": 0, "num_statements": 2, "percent_covered": 0.0, "percent_covered_display": "0", "missing_lines": 2, "excluded_lines": 0}, "missing_lines": [341, 366], "excluded_lines": []}, "resolve_env_var.replace_match": {"executed_lines": [], "summary": {"covered_lines": 0, "num_statements": 6, "percent_covered": 0.0, "percent_covered_display": "0", "missing_lines": 6, "excluded_lines": 0}, "missing_lines": [353, 354, 356, 357, 361, 363], "excluded_lines": []}, "resolve_env_vars_in_dict": {"executed_lines": [], "summary": {"covered_lines": 0, "num_statements": 17, "percent_covered": 0.0, "percent_covered_display": "0", "missing_lines": 17, "excluded_lines": 0}, "missing_lines": [395, 397, 398, 400, 401, 404, 405, 407, 408, 409, 410, 411, 413, 416, 417, 420, 422], "excluded_lines": []}, "load_main_config": {"executed_lines": [], "summary": {"covered_lines": 0, "num_statements": 37, "percent_covered": 0.0, "percent_covered_display": "0", "missing_lines": 37, "excluded_lines": 0}, "missing_lines": [456, 457, 462, 465, 466, 467, 468, 469, 474, 475, 476, 481, 484, 485, 490, 493, 494, 495, 496, 501, 504, 505, 506, 508, 509, 510, 511, 512, 513, 514, 515, 516, 518, 519, 521, 522, 524], "excluded_lines": []}, "load_provider_config": {"executed_lines": [], "summary": {"covered_lines": 0, "num_statements": 37, "percent_covered": 0.0, "percent_covered_display": "0", "missing_lines": 37, "excluded_lines": 0}, "missing_lines": [562, 563, 568, 571, 572, 573, 574, 575, 580, 581, 582, 587, 590, 591, 596, 599, 600, 601, 602, 607, 610, 611, 612, 614, 615, 616, 617, 618, 619, 620, 621, 622, 624, 625, 627, 628, 630], "excluded_lines": []}, "": {"executed_lines": [], "summary": {"covered_lines": 0, "num_statements": 47, "percent_covered": 0.0, "percent_covered_display": "0", "missing_lines": 47, "excluded_lines": 0}, "missing_lines": [8, 9, 10, 11, 12, 14, 15, 19, 22, 33, 41, 48, 55, 62, 63, 64, 81, 82, 83, 102, 109, 115, 121, 129, 130, 131, 150, 161, 168, 174, 181, 182, 197, 210, 217, 224, 230, 236, 244, 275, 282, 308, 317, 369, 425, 433, 527], "excluded_lines": []}}, "classes": {"MonitoringRuntimeConfig": {"executed_lines": [], "summary": {"covered_lines": 0, "num_statements": 0, "percent_covered": 100.0, "percent_covered_display": "100", "missing_lines": 0, "excluded_lines": 0}, "missing_lines": [], "excluded_lines": []}, "MonitoringConfig": {"executed_lines": [], "summary": {"covered_lines": 0, "num_statements": 9, "percent_covered": 0.0, "percent_covered_display": "0", "missing_lines": 9, "excluded_lines": 0}, "missing_lines": [76, 77, 78, 79, 95, 96, 97, 98, 99], "excluded_lines": []}, "NotificationsConfig": {"executed_lines": [], "summary": {"covered_lines": 0, "num_statements": 5, "percent_covered": 0.0, "percent_covered_display": "0", "missing_lines": 5, "excluded_lines": 0}, "missing_lines": [143, 144, 145, 146, 147], "excluded_lines": []}, "ProvidersRuntimeConfig": {"executed_lines": [], "summary": {"covered_lines": 0, "num_statements": 0, "percent_covered": 100.0, "percent_covered_display": "100", "missing_lines": 0, "excluded_lines": 0}, "missing_lines": [], "excluded_lines": []}, "ProvidersConfig": {"executed_lines": [], "summary": {"covered_lines": 0, "num_statements": 4, "percent_covered": 0.0, "percent_covered_display": "0", "missing_lines": 4, "excluded_lines": 0}, "missing_lines": [191, 192, 193, 194], "excluded_lines": []}, "ApplicationRuntimeConfig": {"executed_lines": [], "summary": {"covered_lines": 0, "num_statements": 0, "percent_covered": 100.0, "percent_covered_display": "100", "missing_lines": 0, "excluded_lines": 0}, "missing_lines": [], "excluded_lines": []}, "ApplicationConfig": {"executed_lines": [], "summary": {"covered_lines": 0, "num_statements": 0, "percent_covered": 100.0, "percent_covered_display": "100", "missing_lines": 0, "excluded_lines": 0}, "missing_lines": [], "excluded_lines": []}, "MainConfig": {"executed_lines": [], "summary": {"covered_lines": 0, "num_statements": 1, "percent_covered": 0.0, "percent_covered_display": "0", "missing_lines": 1, "excluded_lines": 0}, "missing_lines": [290], "excluded_lines": []}, "EnvironmentVariableError": {"executed_lines": [], "summary": {"covered_lines": 0, "num_statements": 0, "percent_covered": 100.0, "percent_covered_display": "100", "missing_lines": 0, "excluded_lines": 0}, "missing_lines": [], "excluded_lines": []}, "ConfigurationError": {"executed_lines": [], "summary": {"covered_lines": 0, "num_statements": 0, "percent_covered": 100.0, "percent_covered_display": "100", "missing_lines": 0, "excluded_lines": 0}, "missing_lines": [], "excluded_lines": []}, "": {"executed_lines": [], "summary": {"covered_lines": 0, "num_statements": 146, "percent_covered": 0.0, "percent_covered_display": "0", "missing_lines": 146, "excluded_lines": 0}, "missing_lines": [8, 9, 10, 11, 12, 14, 15, 19, 22, 33, 41, 48, 55, 62, 63, 64, 81, 82, 83, 102, 109, 115, 121, 129, 130, 131, 150, 161, 168, 174, 181, 182, 197, 210, 217, 224, 230, 236, 244, 275, 282, 308, 317, 341, 353, 354, 356, 357, 361, 363, 366, 369, 395, 397, 398, 400, 401, 404, 405, 407, 408, 409, 410, 411, 413, 416, 417, 420, 422, 425, 433, 456, 457, 462, 465, 466, 467, 468, 469, 474, 475, 476, 481, 484, 485, 490, 493, 494, 495, 496, 501, 504, 505, 506, 508, 509, 510, 511, 512, 513, 514, 515, 516, 518, 519, 521, 522, 524, 527, 562, 563, 568, 571, 572, 573, 574, 575, 580, 581, 582, 587, 590, 591, 596, 599, 600, 601, 602, 607, 610, 611, 612, 614, 615, 616, 617, 618, 619, 620, 621, 622, 624, 625, 627, 628, 630], "excluded_lines": []}}}, "src/mover_status/core/disk_tracker.py": {"executed_lines": [1, 18, 19, 20, 21, 22, 23, 25, 27, 31, 34, 59, 60, 62, 63, 68, 71, 107, 108, 110, 111, 112, 113, 115, 117, 118, 119, 123, 126, 127, 131, 132, 142, 143, 144, 145, 146, 147, 156, 158, 159, 161, 162, 163, 166, 168, 169, 170, 205, 215, 218, 250, 252, 258, 260, 266, 275, 278, 310, 312, 318, 320, 326, 334, 339, 342, 355, 356, 357, 360, 369, 372, 402, 406, 412, 420, 423, 465, 468, 471, 472, 473, 474, 482, 484, 494, 501, 502, 504, 513, 516, 528, 529], "summary": {"covered_lines": 92, "num_statements": 112, "percent_covered": 82.14285714285714, "percent_covered_display": "82", "missing_lines": 20, "excluded_lines": 0}, "missing_lines": [64, 66, 134, 135, 139, 148, 149, 153, 172, 174, 178, 180, 182, 186, 188, 190, 194, 196, 198, 202], "excluded_lines": [], "functions": {"is_excluded": {"executed_lines": [59, 60, 62, 63, 68], "summary": {"covered_lines": 5, "num_statements": 7, "percent_covered": 71.42857142857143, "percent_covered_display": "71", "missing_lines": 2, "excluded_lines": 0}, "missing_lines": [64, 66], "excluded_lines": []}, "calculate_disk_usage_sync": {"executed_lines": [107, 108, 110, 111, 112, 113, 115, 117, 118, 119, 123, 126, 127, 131, 132, 142, 143, 144, 145, 146, 147, 156, 158, 159, 161, 162, 163, 166, 168, 169, 170, 205, 215], "summary": {"covered_lines": 33, "num_statements": 51, "percent_covered": 64.70588235294117, "percent_covered_display": "65", "missing_lines": 18, "excluded_lines": 0}, "missing_lines": [134, 135, 139, 148, 149, 153, 172, 174, 178, 180, 182, 186, 188, 190, 194, 196, 198, 202], "excluded_lines": []}, "capture_baseline": {"executed_lines": [250, 252, 258, 260, 266, 275], "summary": {"covered_lines": 6, "num_statements": 6, "percent_covered": 100.0, "percent_covered_display": "100", "missing_lines": 0, "excluded_lines": 0}, "missing_lines": [], "excluded_lines": []}, "sample_current_usage": {"executed_lines": [310, 312, 318, 320, 326, 334], "summary": {"covered_lines": 6, "num_statements": 6, "percent_covered": 100.0, "percent_covered_display": "100", "missing_lines": 0, "excluded_lines": 0}, "missing_lines": [], "excluded_lines": []}, "_get_cache_key": {"executed_lines": [355, 356, 357], "summary": {"covered_lines": 3, "num_statements": 3, "percent_covered": 100.0, "percent_covered_display": "100", "missing_lines": 0, "excluded_lines": 0}, "missing_lines": [], "excluded_lines": []}, "_is_cache_valid": {"executed_lines": [369], "summary": {"covered_lines": 1, "num_statements": 1, "percent_covered": 100.0, "percent_covered_display": "100", "missing_lines": 0, "excluded_lines": 0}, "missing_lines": [], "excluded_lines": []}, "capture_baseline_async": {"executed_lines": [402, 406, 412, 420], "summary": {"covered_lines": 4, "num_statements": 4, "percent_covered": 100.0, "percent_covered_display": "100", "missing_lines": 0, "excluded_lines": 0}, "missing_lines": [], "excluded_lines": []}, "sample_current_usage_async": {"executed_lines": [465, 468, 471, 472, 473, 474, 482, 484, 494, 501, 502, 504, 513], "summary": {"covered_lines": 13, "num_statements": 13, "percent_covered": 100.0, "percent_covered_display": "100", "missing_lines": 0, "excluded_lines": 0}, "missing_lines": [], "excluded_lines": []}, "clear_sample_cache": {"executed_lines": [528, 529], "summary": {"covered_lines": 2, "num_statements": 2, "percent_covered": 100.0, "percent_covered_display": "100", "missing_lines": 0, "excluded_lines": 0}, "missing_lines": [], "excluded_lines": []}, "": {"executed_lines": [1, 18, 19, 20, 21, 22, 23, 25, 27, 31, 34, 71, 218, 278, 339, 342, 360, 372, 423, 516], "summary": {"covered_lines": 19, "num_statements": 19, "percent_covered": 100.0, "percent_covered_display": "100", "missing_lines": 0, "excluded_lines": 0}, "missing_lines": [], "excluded_lines": []}}, "classes": {"": {"executed_lines": [1, 18, 19, 20, 21, 22, 23, 25, 27, 31, 34, 59, 60, 62, 63, 68, 71, 107, 108, 110, 111, 112, 113, 115, 117, 118, 119, 123, 126, 127, 131, 132, 142, 143, 144, 145, 146, 147, 156, 158, 159, 161, 162, 163, 166, 168, 169, 170, 205, 215, 218, 250, 252, 258, 260, 266, 275, 278, 310, 312, 318, 320, 326, 334, 339, 342, 355, 356, 357, 360, 369, 372, 402, 406, 412, 420, 423, 465, 468, 471, 472, 473, 474, 482, 484, 494, 501, 502, 504, 513, 516, 528, 529], "summary": {"covered_lines": 92, "num_statements": 112, "percent_covered": 82.14285714285714, "percent_covered_display": "82", "missing_lines": 20, "excluded_lines": 0}, "missing_lines": [64, 66, 134, 135, 139, 148, 149, 153, 172, 174, 178, 180, 182, 186, 188, 190, 194, 196, 198, 202], "excluded_lines": []}}}, "src/mover_status/plugins/__init__.py": {"executed_lines": [], "summary": {"covered_lines": 0, "num_statements": 0, "percent_covered": 100.0, "percent_covered_display": "100", "missing_lines": 0, "excluded_lines": 0}, "missing_lines": [], "excluded_lines": [], "functions": {"": {"executed_lines": [], "summary": {"covered_lines": 0, "num_statements": 0, "percent_covered": 100.0, "percent_covered_display": "100", "missing_lines": 0, "excluded_lines": 0}, "missing_lines": [], "excluded_lines": []}}, "classes": {"": {"executed_lines": [], "summary": {"covered_lines": 0, "num_statements": 0, "percent_covered": 100.0, "percent_covered_display": "100", "missing_lines": 0, "excluded_lines": 0}, "missing_lines": [], "excluded_lines": []}}}, "src/mover_status/plugins/discord/__init__.py": {"executed_lines": [], "summary": {"covered_lines": 0, "num_statements": 0, "percent_covered": 100.0, "percent_covered_display": "100", "missing_lines": 0, "excluded_lines": 0}, "missing_lines": [], "excluded_lines": [], "functions": {"": {"executed_lines": [], "summary": {"covered_lines": 0, "num_statements": 0, "percent_covered": 100.0, "percent_covered_display": "100", "missing_lines": 0, "excluded_lines": 0}, "missing_lines": [], "excluded_lines": []}}, "classes": {"": {"executed_lines": [], "summary": {"covered_lines": 0, "num_statements": 0, "percent_covered": 100.0, "percent_covered_display": "100", "missing_lines": 0, "excluded_lines": 0}, "missing_lines": [], "excluded_lines": []}}}, "src/mover_status/plugins/telegram/__init__.py": {"executed_lines": [], "summary": {"covered_lines": 0, "num_statements": 0, "percent_covered": 100.0, "percent_covered_display": "100", "missing_lines": 0, "excluded_lines": 0}, "missing_lines": [], "excluded_lines": [], "functions": {"": {"executed_lines": [], "summary": {"covered_lines": 0, "num_statements": 0, "percent_covered": 100.0, "percent_covered_display": "100", "missing_lines": 0, "excluded_lines": 0}, "missing_lines": [], "excluded_lines": []}}, "classes": {"": {"executed_lines": [], "summary": {"covered_lines": 0, "num_statements": 0, "percent_covered": 100.0, "percent_covered_display": "100", "missing_lines": 0, "excluded_lines": 0}, "missing_lines": [], "excluded_lines": []}}}, "src/mover_status/types/__init__.py": {"executed_lines": [1, 9, 14, 22, 28], "summary": {"covered_lines": 4, "num_statements": 4, "percent_covered": 100.0, "percent_covered_display": "100", "missing_lines": 0, "excluded_lines": 0}, "missing_lines": [], "excluded_lines": [], "functions": {"": {"executed_lines": [1, 9, 14, 22, 28], "summary": {"covered_lines": 4, "num_statements": 4, "percent_covered": 100.0, "percent_covered_display": "100", "missing_lines": 0, "excluded_lines": 0}, "missing_lines": [], "excluded_lines": []}}, "classes": {"": {"executed_lines": [1, 9, 14, 22, 28], "summary": {"covered_lines": 4, "num_statements": 4, "percent_covered": 100.0, "percent_covered_display": "100", "missing_lines": 0, "excluded_lines": 0}, "missing_lines": [], "excluded_lines": []}}}, "src/mover_status/types/aliases.py": {"executed_lines": [1, 7, 9, 15, 20, 25], "summary": {"covered_lines": 5, "num_statements": 5, "percent_covered": 100.0, "percent_covered_display": "100", "missing_lines": 0, "excluded_lines": 0}, "missing_lines": [], "excluded_lines": [], "functions": {"": {"executed_lines": [1, 7, 9, 15, 20, 25], "summary": {"covered_lines": 5, "num_statements": 5, "percent_covered": 100.0, "percent_covered_display": "100", "missing_lines": 0, "excluded_lines": 0}, "missing_lines": [], "excluded_lines": []}}, "classes": {"": {"executed_lines": [1, 7, 9, 15, 20, 25], "summary": {"covered_lines": 5, "num_statements": 5, "percent_covered": 100.0, "percent_covered_display": "100", "missing_lines": 0, "excluded_lines": 0}, "missing_lines": [], "excluded_lines": []}}}, "src/mover_status/types/models.py": {"executed_lines": [1, 7, 8, 9, 12, 13, 14, 20, 21, 22, 23, 24, 25, 26, 27, 30, 31, 32, 38, 39, 40, 41, 44, 45, 46, 52, 53, 54, 55, 58, 59, 60, 65, 66, 67, 70, 71, 72, 78, 79, 80, 83, 84, 85, 92, 93, 94, 95, 96, 97], "summary": {"covered_lines": 15, "num_statements": 15, "percent_covered": 100.0, "percent_covered_display": "100", "missing_lines": 0, "excluded_lines": 0}, "missing_lines": [], "excluded_lines": [], "functions": {"": {"executed_lines": [1, 7, 8, 9, 12, 13, 14, 20, 21, 22, 23, 24, 25, 26, 27, 30, 31, 32, 38, 39, 40, 41, 44, 45, 46, 52, 53, 54, 55, 58, 59, 60, 65, 66, 67, 70, 71, 72, 78, 79, 80, 83, 84, 85, 92, 93, 94, 95, 96, 97], "summary": {"covered_lines": 15, "num_statements": 15, "percent_covered": 100.0, "percent_covered_display": "100", "missing_lines": 0, "excluded_lines": 0}, "missing_lines": [], "excluded_lines": []}}, "classes": {"NotificationData": {"executed_lines": [], "summary": {"covered_lines": 0, "num_statements": 0, "percent_covered": 100.0, "percent_covered_display": "100", "missing_lines": 0, "excluded_lines": 0}, "missing_lines": [], "excluded_lines": []}, "NotificationResult": {"executed_lines": [], "summary": {"covered_lines": 0, "num_statements": 0, "percent_covered": 100.0, "percent_covered_display": "100", "missing_lines": 0, "excluded_lines": 0}, "missing_lines": [], "excluded_lines": []}, "HealthStatus": {"executed_lines": [], "summary": {"covered_lines": 0, "num_statements": 0, "percent_covered": 100.0, "percent_covered_display": "100", "missing_lines": 0, "excluded_lines": 0}, "missing_lines": [], "excluded_lines": []}, "Response": {"executed_lines": [], "summary": {"covered_lines": 0, "num_statements": 0, "percent_covered": 100.0, "percent_covered_display": "100", "missing_lines": 0, "excluded_lines": 0}, "missing_lines": [], "excluded_lines": []}, "DiskSample": {"executed_lines": [], "summary": {"covered_lines": 0, "num_statements": 0, "percent_covered": 100.0, "percent_covered_display": "100", "missing_lines": 0, "excluded_lines": 0}, "missing_lines": [], "excluded_lines": []}, "ProgressData": {"executed_lines": [], "summary": {"covered_lines": 0, "num_statements": 0, "percent_covered": 100.0, "percent_covered_display": "100", "missing_lines": 0, "excluded_lines": 0}, "missing_lines": [], "excluded_lines": []}, "": {"executed_lines": [1, 7, 8, 9, 12, 13, 14, 20, 21, 22, 23, 24, 25, 26, 27, 30, 31, 32, 38, 39, 40, 41, 44, 45, 46, 52, 53, 54, 55, 58, 59, 60, 65, 66, 67, 70, 71, 72, 78, 79, 80, 83, 84, 85, 92, 93, 94, 95, 96, 97], "summary": {"covered_lines": 15, "num_statements": 15, "percent_covered": 100.0, "percent_covered_display": "100", "missing_lines": 0, "excluded_lines": 0}, "missing_lines": [], "excluded_lines": []}}}, "src/mover_status/types/protocols.py": {"executed_lines": [1, 7, 8, 9, 11, 19, 20, 26, 37, 45, 54, 55, 61, 75, 88, 89, 95, 114], "summary": {"covered_lines": 14, "num_statements": 21, "percent_covered": 66.66666666666667, "percent_covered_display": "67", "missing_lines": 7, "excluded_lines": 0}, "missing_lines": [35, 43, 51, 73, 85, 112, 136], "excluded_lines": [], "functions": {"NotificationProvider.send_notification": {"executed_lines": [], "summary": {"covered_lines": 0, "num_statements": 1, "percent_covered": 0.0, "percent_covered_display": "0", "missing_lines": 1, "excluded_lines": 0}, "missing_lines": [35], "excluded_lines": []}, "NotificationProvider.validate_config": {"executed_lines": [], "summary": {"covered_lines": 0, "num_statements": 1, "percent_covered": 0.0, "percent_covered_display": "0", "missing_lines": 1, "excluded_lines": 0}, "missing_lines": [43], "excluded_lines": []}, "NotificationProvider.health_check": {"executed_lines": [], "summary": {"covered_lines": 0, "num_statements": 1, "percent_covered": 0.0, "percent_covered_display": "0", "missing_lines": 1, "excluded_lines": 0}, "missing_lines": [51], "excluded_lines": []}, "MessageFormatter.format_message": {"executed_lines": [], "summary": {"covered_lines": 0, "num_statements": 1, "percent_covered": 0.0, "percent_covered_display": "0", "missing_lines": 1, "excluded_lines": 0}, "missing_lines": [73], "excluded_lines": []}, "MessageFormatter.format_time": {"executed_lines": [], "summary": {"covered_lines": 0, "num_statements": 1, "percent_covered": 0.0, "percent_covered_display": "0", "missing_lines": 1, "excluded_lines": 0}, "missing_lines": [85], "excluded_lines": []}, "HTTPClient.post": {"executed_lines": [], "summary": {"covered_lines": 0, "num_statements": 1, "percent_covered": 0.0, "percent_covered_display": "0", "missing_lines": 1, "excluded_lines": 0}, "missing_lines": [112], "excluded_lines": []}, "HTTPClient.post_with_retry": {"executed_lines": [], "summary": {"covered_lines": 0, "num_statements": 1, "percent_covered": 0.0, "percent_covered_display": "0", "missing_lines": 1, "excluded_lines": 0}, "missing_lines": [136], "excluded_lines": []}, "": {"executed_lines": [1, 7, 8, 9, 11, 19, 20, 26, 37, 45, 54, 55, 61, 75, 88, 89, 95, 114], "summary": {"covered_lines": 14, "num_statements": 14, "percent_covered": 100.0, "percent_covered_display": "100", "missing_lines": 0, "excluded_lines": 0}, "missing_lines": [], "excluded_lines": []}}, "classes": {"NotificationProvider": {"executed_lines": [], "summary": {"covered_lines": 0, "num_statements": 3, "percent_covered": 0.0, "percent_covered_display": "0", "missing_lines": 3, "excluded_lines": 0}, "missing_lines": [35, 43, 51], "excluded_lines": []}, "MessageFormatter": {"executed_lines": [], "summary": {"covered_lines": 0, "num_statements": 2, "percent_covered": 0.0, "percent_covered_display": "0", "missing_lines": 2, "excluded_lines": 0}, "missing_lines": [73, 85], "excluded_lines": []}, "HTTPClient": {"executed_lines": [], "summary": {"covered_lines": 0, "num_statements": 2, "percent_covered": 0.0, "percent_covered_display": "0", "missing_lines": 2, "excluded_lines": 0}, "missing_lines": [112, 136], "excluded_lines": []}, "": {"executed_lines": [1, 7, 8, 9, 11, 19, 20, 26, 37, 45, 54, 55, 61, 75, 88, 89, 95, 114], "summary": {"covered_lines": 14, "num_statements": 14, "percent_covered": 100.0, "percent_covered_display": "100", "missing_lines": 0, "excluded_lines": 0}, "missing_lines": [], "excluded_lines": []}}}, "src/mover_status/utils/__init__.py": {"executed_lines": [], "summary": {"covered_lines": 0, "num_statements": 4, "percent_covered": 0.0, "percent_covered_display": "0", "missing_lines": 4, "excluded_lines": 0}, "missing_lines": [20, 25, 34, 43], "excluded_lines": [], "functions": {"": {"executed_lines": [], "summary": {"covered_lines": 0, "num_statements": 4, "percent_covered": 0.0, "percent_covered_display": "0", "missing_lines": 4, "excluded_lines": 0}, "missing_lines": [20, 25, 34, 43], "excluded_lines": []}}, "classes": {"": {"executed_lines": [], "summary": {"covered_lines": 0, "num_statements": 4, "percent_covered": 0.0, "percent_covered_display": "0", "missing_lines": 4, "excluded_lines": 0}, "missing_lines": [20, 25, 34, 43], "excluded_lines": []}}}, "src/mover_status/utils/formatting.py": {"executed_lines": [], "summary": {"covered_lines": 0, "num_statements": 75, "percent_covered": 0.0, "percent_covered_display": "0", "missing_lines": 75, "excluded_lines": 0}, "missing_lines": [13, 45, 46, 47, 50, 51, 52, 53, 55, 57, 58, 59, 62, 63, 65, 67, 68, 69, 71, 72, 73, 75, 76, 77, 79, 82, 112, 113, 114, 117, 120, 121, 122, 124, 125, 126, 127, 129, 130, 131, 133, 134, 135, 136, 138, 139, 140, 142, 143, 144, 146, 147, 148, 150, 153, 183, 184, 185, 188, 189, 190, 191, 193, 194, 195, 197, 198, 199, 201, 202, 203, 205, 206, 207, 210], "excluded_lines": [], "functions": {"format_size": {"executed_lines": [], "summary": {"covered_lines": 0, "num_statements": 24, "percent_covered": 0.0, "percent_covered_display": "0", "missing_lines": 24, "excluded_lines": 0}, "missing_lines": [45, 46, 47, 50, 51, 52, 53, 55, 57, 58, 59, 62, 63, 65, 67, 68, 69, 71, 72, 73, 75, 76, 77, 79], "excluded_lines": []}, "format_duration": {"executed_lines": [], "summary": {"covered_lines": 0, "num_statements": 28, "percent_covered": 0.0, "percent_covered_display": "0", "missing_lines": 28, "excluded_lines": 0}, "missing_lines": [112, 113, 114, 117, 120, 121, 122, 124, 125, 126, 127, 129, 130, 131, 133, 134, 135, 136, 138, 139, 140, 142, 143, 144, 146, 147, 148, 150], "excluded_lines": []}, "format_rate": {"executed_lines": [], "summary": {"covered_lines": 0, "num_statements": 20, "percent_covered": 0.0, "percent_covered_display": "0", "missing_lines": 20, "excluded_lines": 0}, "missing_lines": [183, 184, 185, 188, 189, 190, 191, 193, 194, 195, 197, 198, 199, 201, 202, 203, 205, 206, 207, 210], "excluded_lines": []}, "": {"executed_lines": [], "summary": {"covered_lines": 0, "num_statements": 3, "percent_covered": 0.0, "percent_covered_display": "0", "missing_lines": 3, "excluded_lines": 0}, "missing_lines": [13, 82, 153], "excluded_lines": []}}, "classes": {"": {"executed_lines": [], "summary": {"covered_lines": 0, "num_statements": 75, "percent_covered": 0.0, "percent_covered_display": "0", "missing_lines": 75, "excluded_lines": 0}, "missing_lines": [13, 45, 46, 47, 50, 51, 52, 53, 55, 57, 58, 59, 62, 63, 65, 67, 68, 69, 71, 72, 73, 75, 76, 77, 79, 82, 112, 113, 114, 117, 120, 121, 122, 124, 125, 126, 127, 129, 130, 131, 133, 134, 135, 136, 138, 139, 140, 142, 143, 144, 146, 147, 148, 150, 153, 183, 184, 185, 188, 189, 190, 191, 193, 194, 195, 197, 198, 199, 201, 202, 203, 205, 206, 207, 210], "excluded_lines": []}}}, "src/mover_status/utils/http_client.py": {"executed_lines": [], "summary": {"covered_lines": 0, "num_statements": 187, "percent_covered": 0.0, "percent_covered_display": "0", "missing_lines": 187, "excluded_lines": 0}, "missing_lines": [16, 17, 18, 19, 20, 21, 22, 23, 24, 26, 28, 31, 34, 35, 36, 39, 40, 47, 48, 49, 52, 67, 87, 88, 89, 90, 91, 92, 95, 98, 101, 103, 110, 111, 115, 117, 130, 131, 132, 134, 156, 157, 158, 160, 162, 163, 164, 167, 168, 169, 170, 173, 175, 180, 181, 182, 183, 184, 185, 186, 187, 188, 190, 227, 228, 229, 230, 232, 234, 235, 237, 244, 246, 247, 253, 256, 258, 259, 260, 261, 262, 269, 270, 273, 274, 275, 283, 284, 287, 288, 289, 292, 293, 294, 296, 297, 298, 305, 306, 307, 308, 309, 312, 313, 315, 319, 320, 328, 329, 330, 331, 332, 335, 336, 338, 340, 341, 349, 350, 351, 352, 353, 356, 357, 360, 361, 362, 363, 364, 366, 379, 380, 383, 387, 390, 392, 403, 404, 405, 407, 409, 410, 412, 413, 415, 432, 434, 443, 444, 446, 448, 450, 452, 454, 456, 458, 459, 461, 462, 463, 466, 468, 470, 473, 475, 481, 482, 484, 487, 488, 489, 491, 492, 494, 500, 501, 503, 504, 507, 508, 511, 512, 514, 515, 520, 522, 523], "excluded_lines": [], "functions": {"AIOHTTPClient.__init__": {"executed_lines": [], "summary": {"covered_lines": 0, "num_statements": 9, "percent_covered": 0.0, "percent_covered_display": "0", "missing_lines": 9, "excluded_lines": 0}, "missing_lines": [87, 88, 89, 90, 91, 92, 95, 98, 101], "excluded_lines": []}, "AIOHTTPClient.__aenter__": {"executed_lines": [], "summary": {"covered_lines": 0, "num_statements": 3, "percent_covered": 0.0, "percent_covered_display": "0", "missing_lines": 3, "excluded_lines": 0}, "missing_lines": [110, 111, 115], "excluded_lines": []}, "AIOHTTPClient.__aexit__": {"executed_lines": [], "summary": {"covered_lines": 0, "num_statements": 3, "percent_covered": 0.0, "percent_covered_display": "0", "missing_lines": 3, "excluded_lines": 0}, "missing_lines": [130, 131, 132], "excluded_lines": []}, "AIOHTTPClient.post": {"executed_lines": [], "summary": {"covered_lines": 0, "num_statements": 22, "percent_covered": 0.0, "percent_covered_display": "0", "missing_lines": 22, "excluded_lines": 0}, "missing_lines": [156, 157, 158, 160, 162, 163, 164, 167, 168, 169, 170, 173, 175, 180, 181, 182, 183, 184, 185, 186, 187, 188], "excluded_lines": []}, "AIOHTTPClient.post_with_retry": {"executed_lines": [], "summary": {"covered_lines": 0, "num_statements": 66, "percent_covered": 0.0, "percent_covered_display": "0", "missing_lines": 66, "excluded_lines": 0}, "missing_lines": [227, 228, 229, 230, 232, 234, 235, 237, 244, 246, 247, 253, 256, 258, 259, 260, 261, 262, 269, 270, 273, 274, 275, 283, 284, 287, 288, 289, 292, 293, 294, 296, 297, 298, 305, 306, 307, 308, 309, 312, 313, 315, 319, 320, 328, 329, 330, 331, 332, 335, 336, 338, 340, 341, 349, 350, 351, 352, 353, 356, 357, 360, 361, 362, 363, 364], "excluded_lines": []}, "AIOHTTPClient.calculate_backoff_delay": {"executed_lines": [], "summary": {"covered_lines": 0, "num_statements": 5, "percent_covered": 0.0, "percent_covered_display": "0", "missing_lines": 5, "excluded_lines": 0}, "missing_lines": [379, 380, 383, 387, 390], "excluded_lines": []}, "AIOHTTPClient.parse_retry_after": {"executed_lines": [], "summary": {"covered_lines": 0, "num_statements": 8, "percent_covered": 0.0, "percent_covered_display": "0", "missing_lines": 8, "excluded_lines": 0}, "missing_lines": [403, 404, 405, 407, 409, 410, 412, 413], "excluded_lines": []}, "AIOHTTPClient.is_retryable_status": {"executed_lines": [], "summary": {"covered_lines": 0, "num_statements": 1, "percent_covered": 0.0, "percent_covered_display": "0", "missing_lines": 1, "excluded_lines": 0}, "missing_lines": [432], "excluded_lines": []}, "AIOHTTPClient.should_attempt_request": {"executed_lines": [], "summary": {"covered_lines": 0, "num_statements": 17, "percent_covered": 0.0, "percent_covered_display": "0", "missing_lines": 17, "excluded_lines": 0}, "missing_lines": [443, 444, 446, 448, 450, 452, 454, 456, 458, 459, 461, 462, 463, 466, 468, 470, 473], "excluded_lines": []}, "AIOHTTPClient._record_success": {"executed_lines": [], "summary": {"covered_lines": 0, "num_statements": 8, "percent_covered": 0.0, "percent_covered_display": "0", "missing_lines": 8, "excluded_lines": 0}, "missing_lines": [481, 482, 484, 487, 488, 489, 491, 492], "excluded_lines": []}, "AIOHTTPClient._record_failure": {"executed_lines": [], "summary": {"covered_lines": 0, "num_statements": 13, "percent_covered": 0.0, "percent_covered_display": "0", "missing_lines": 13, "excluded_lines": 0}, "missing_lines": [500, 501, 503, 504, 507, 508, 511, 512, 514, 515, 520, 522, 523], "excluded_lines": []}, "": {"executed_lines": [], "summary": {"covered_lines": 0, "num_statements": 32, "percent_covered": 0.0, "percent_covered_display": "0", "missing_lines": 32, "excluded_lines": 0}, "missing_lines": [16, 17, 18, 19, 20, 21, 22, 23, 24, 26, 28, 31, 34, 35, 36, 39, 40, 47, 48, 49, 52, 67, 103, 117, 134, 190, 366, 392, 415, 434, 475, 494], "excluded_lines": []}}, "classes": {"CircuitState": {"executed_lines": [], "summary": {"covered_lines": 0, "num_statements": 0, "percent_covered": 100.0, "percent_covered_display": "100", "missing_lines": 0, "excluded_lines": 0}, "missing_lines": [], "excluded_lines": []}, "CircuitBreakerState": {"executed_lines": [], "summary": {"covered_lines": 0, "num_statements": 0, "percent_covered": 100.0, "percent_covered_display": "100", "missing_lines": 0, "excluded_lines": 0}, "missing_lines": [], "excluded_lines": []}, "AIOHTTPClient": {"executed_lines": [], "summary": {"covered_lines": 0, "num_statements": 155, "percent_covered": 0.0, "percent_covered_display": "0", "missing_lines": 155, "excluded_lines": 0}, "missing_lines": [87, 88, 89, 90, 91, 92, 95, 98, 101, 110, 111, 115, 130, 131, 132, 156, 157, 158, 160, 162, 163, 164, 167, 168, 169, 170, 173, 175, 180, 181, 182, 183, 184, 185, 186, 187, 188, 227, 228, 229, 230, 232, 234, 235, 237, 244, 246, 247, 253, 256, 258, 259, 260, 261, 262, 269, 270, 273, 274, 275, 283, 284, 287, 288, 289, 292, 293, 294, 296, 297, 298, 305, 306, 307, 308, 309, 312, 313, 315, 319, 320, 328, 329, 330, 331, 332, 335, 336, 338, 340, 341, 349, 350, 351, 352, 353, 356, 357, 360, 361, 362, 363, 364, 379, 380, 383, 387, 390, 403, 404, 405, 407, 409, 410, 412, 413, 432, 443, 444, 446, 448, 450, 452, 454, 456, 458, 459, 461, 462, 463, 466, 468, 470, 473, 481, 482, 484, 487, 488, 489, 491, 492, 500, 501, 503, 504, 507, 508, 511, 512, 514, 515, 520, 522, 523], "excluded_lines": []}, "": {"executed_lines": [], "summary": {"covered_lines": 0, "num_statements": 32, "percent_covered": 0.0, "percent_covered_display": "0", "missing_lines": 32, "excluded_lines": 0}, "missing_lines": [16, 17, 18, 19, 20, 21, 22, 23, 24, 26, 28, 31, 34, 35, 36, 39, 40, 47, 48, 49, 52, 67, 103, 117, 134, 190, 366, 392, 415, 434, 475, 494], "excluded_lines": []}}}, "src/mover_status/utils/logging.py": {"executed_lines": [], "summary": {"covered_lines": 0, "num_statements": 64, "percent_covered": 0.0, "percent_covered_display": "0", "missing_lines": 64, "excluded_lines": 0}, "missing_lines": [15, 16, 17, 18, 19, 20, 24, 30, 35, 41, 44, 57, 58, 68, 69, 70, 73, 83, 91, 92, 102, 103, 104, 106, 107, 109, 112, 141, 144, 145, 148, 151, 154, 157, 158, 160, 166, 167, 170, 171, 174, 176, 179, 185, 186, 189, 190, 193, 194, 197, 200, 216, 219, 239, 242, 253, 256, 266, 269, 302, 305, 306, 307, 310], "excluded_lines": [], "functions": {"CorrelationIDFilter.filter": {"executed_lines": [], "summary": {"covered_lines": 0, "num_statements": 3, "percent_covered": 0.0, "percent_covered_display": "0", "missing_lines": 3, "excluded_lines": 0}, "missing_lines": [68, 69, 70], "excluded_lines": []}, "SecretRedactingFilter.filter": {"executed_lines": [], "summary": {"covered_lines": 0, "num_statements": 6, "percent_covered": 0.0, "percent_covered_display": "0", "missing_lines": 6, "excluded_lines": 0}, "missing_lines": [102, 103, 104, 106, 107, 109], "excluded_lines": []}, "configure_logging": {"executed_lines": [], "summary": {"covered_lines": 0, "num_statements": 23, "percent_covered": 0.0, "percent_covered_display": "0", "missing_lines": 23, "excluded_lines": 0}, "missing_lines": [141, 144, 145, 148, 151, 154, 157, 158, 160, 166, 167, 170, 171, 174, 176, 179, 185, 186, 189, 190, 193, 194, 197], "excluded_lines": []}, "get_logger": {"executed_lines": [], "summary": {"covered_lines": 0, "num_statements": 1, "percent_covered": 0.0, "percent_covered_display": "0", "missing_lines": 1, "excluded_lines": 0}, "missing_lines": [216], "excluded_lines": []}, "set_correlation_id": {"executed_lines": [], "summary": {"covered_lines": 0, "num_statements": 1, "percent_covered": 0.0, "percent_covered_display": "0", "missing_lines": 1, "excluded_lines": 0}, "missing_lines": [239], "excluded_lines": []}, "get_correlation_id": {"executed_lines": [], "summary": {"covered_lines": 0, "num_statements": 1, "percent_covered": 0.0, "percent_covered_display": "0", "missing_lines": 1, "excluded_lines": 0}, "missing_lines": [253], "excluded_lines": []}, "clear_correlation_id": {"executed_lines": [], "summary": {"covered_lines": 0, "num_statements": 1, "percent_covered": 0.0, "percent_covered_display": "0", "missing_lines": 1, "excluded_lines": 0}, "missing_lines": [266], "excluded_lines": []}, "log_with_context": {"executed_lines": [], "summary": {"covered_lines": 0, "num_statements": 5, "percent_covered": 0.0, "percent_covered_display": "0", "missing_lines": 5, "excluded_lines": 0}, "missing_lines": [302, 305, 306, 307, 310], "excluded_lines": []}, "": {"executed_lines": [], "summary": {"covered_lines": 0, "num_statements": 23, "percent_covered": 0.0, "percent_covered_display": "0", "missing_lines": 23, "excluded_lines": 0}, "missing_lines": [15, 16, 17, 18, 19, 20, 24, 30, 35, 41, 44, 57, 58, 73, 83, 91, 92, 112, 200, 219, 242, 256, 269], "excluded_lines": []}}, "classes": {"CorrelationIDFilter": {"executed_lines": [], "summary": {"covered_lines": 0, "num_statements": 3, "percent_covered": 0.0, "percent_covered_display": "0", "missing_lines": 3, "excluded_lines": 0}, "missing_lines": [68, 69, 70], "excluded_lines": []}, "SecretRedactingFilter": {"executed_lines": [], "summary": {"covered_lines": 0, "num_statements": 6, "percent_covered": 0.0, "percent_covered_display": "0", "missing_lines": 6, "excluded_lines": 0}, "missing_lines": [102, 103, 104, 106, 107, 109], "excluded_lines": []}, "": {"executed_lines": [], "summary": {"covered_lines": 0, "num_statements": 55, "percent_covered": 0.0, "percent_covered_display": "0", "missing_lines": 55, "excluded_lines": 0}, "missing_lines": [15, 16, 17, 18, 19, 20, 24, 30, 35, 41, 44, 57, 58, 73, 83, 91, 92, 112, 141, 144, 145, 148, 151, 154, 157, 158, 160, 166, 167, 170, 171, 174, 176, 179, 185, 186, 189, 190, 193, 194, 197, 200, 216, 219, 239, 242, 253, 256, 266, 269, 302, 305, 306, 307, 310], "excluded_lines": []}}}, "src/mover_status/utils/template.py": {"executed_lines": [], "summary": {"covered_lines": 0, "num_statements": 32, "percent_covered": 0.0, "percent_covered_display": "0", "missing_lines": 32, "excluded_lines": 0}, "missing_lines": [11, 12, 13, 16, 27, 30, 33, 36, 49, 50, 53, 66, 67, 69, 70, 71, 72, 76, 79, 105, 108, 109, 110, 111, 117, 120, 121, 122, 125, 128, 147, 148], "excluded_lines": [], "functions": {"identify_placeholders": {"executed_lines": [], "summary": {"covered_lines": 0, "num_statements": 2, "percent_covered": 0.0, "percent_covered_display": "0", "missing_lines": 2, "excluded_lines": 0}, "missing_lines": [49, 50], "excluded_lines": []}, "validate_template": {"executed_lines": [], "summary": {"covered_lines": 0, "num_statements": 7, "percent_covered": 0.0, "percent_covered_display": "0", "missing_lines": 7, "excluded_lines": 0}, "missing_lines": [66, 67, 69, 70, 71, 72, 76], "excluded_lines": []}, "replace_placeholders": {"executed_lines": [], "summary": {"covered_lines": 0, "num_statements": 10, "percent_covered": 0.0, "percent_covered_display": "0", "missing_lines": 10, "excluded_lines": 0}, "missing_lines": [105, 108, 109, 110, 111, 117, 120, 121, 122, 125], "excluded_lines": []}, "load_template": {"executed_lines": [], "summary": {"covered_lines": 0, "num_statements": 2, "percent_covered": 0.0, "percent_covered_display": "0", "missing_lines": 2, "excluded_lines": 0}, "missing_lines": [147, 148], "excluded_lines": []}, "": {"executed_lines": [], "summary": {"covered_lines": 0, "num_statements": 11, "percent_covered": 0.0, "percent_covered_display": "0", "missing_lines": 11, "excluded_lines": 0}, "missing_lines": [11, 12, 13, 16, 27, 30, 33, 36, 53, 79, 128], "excluded_lines": []}}, "classes": {"TemplateError": {"executed_lines": [], "summary": {"covered_lines": 0, "num_statements": 0, "percent_covered": 100.0, "percent_covered_display": "100", "missing_lines": 0, "excluded_lines": 0}, "missing_lines": [], "excluded_lines": []}, "": {"executed_lines": [], "summary": {"covered_lines": 0, "num_statements": 32, "percent_covered": 0.0, "percent_covered_display": "0", "missing_lines": 32, "excluded_lines": 0}, "missing_lines": [11, 12, 13, 16, 27, 30, 33, 36, 49, 50, 53, 66, 67, 69, 70, 71, 72, 76, 79, 105, 108, 109, 110, 111, 117, 120, 121, 122, 125, 128, 147, 148], "excluded_lines": []}}}}, "totals": {"covered_lines": 131, "num_statements": 779, "percent_covered": 16.816431322207958, "percent_covered_display": "17", "missing_lines": 648, "excluded_lines": 0}}